<?xml version="1.0" encoding="UTF-8"?>
<testsuite xmlns:xsi="http://www.w3.org/2001/XMLSchema-instance" xsi:schemaLocation="https://maven.apache.org/surefire/maven-surefire-plugin/xsd/surefire-test-report.xsd" name="TestSuite" time="80.376" tests="1" errors="0" skipped="0" failures="1">
  <properties>
[...]
</properties>
  <testcase name="starHealthStatusTrack" classname="Mickey.StatusTrack" time="78.853">
    <failure message="Expected condition failed: waiting for presence of element located by: By.xpath: //*[@id=&apos;ctl00_ContentPlaceHolder1_dg_DashBoard&apos;]/tbody/tr (tried for 20 second(s) with 500 MILLISECONDS interval)" type="org.openqa.selenium.TimeoutException">org.openqa.selenium.TimeoutException: Expected condition failed: waiting for presence of element located by: By.xpath: //*[@id='ctl00_ContentPlaceHolder1_dg_DashBoard']/tbody/tr (tried for 20 second(s) with 500 MILLISECONDS interval)
	at Mickey.StatusTrack.starHealthStatusTrack(StatusTrack.java:190)
Caused by: org.openqa.selenium.NoSuchElementException: 
Cannot locate an element using By.xpath: //*[@id='ctl00_ContentPlaceHolder1_dg_DashBoard']/tbody/tr
For documentation on this error, please visit: https://www.seleniumhq.org/exceptions/no_such_element.html
Build info: version: '3.141.59', revision: 'e82be7d358', time: '2018-11-14T08:17:03'
System info: host: 'LAPTOP-MI1R02SA', ip: '192.168.0.100', os.name: 'Windows 10', os.arch: 'amd64', os.version: '10.0', java.version: '12.0.1'
Driver info: driver.version: unknown
	at Mickey.StatusTrack.starHealthStatusTrack(StatusTrack.java:190)
</failure>
    <system-out><![CDATA[windows 10
No of rows are : 2
]]></system-out>
    <system-err><![CDATA[SLF4J: Failed to load class "org.slf4j.impl.StaticLoggerBinder".
SLF4J: Defaulting to no-operation (NOP) logger implementation
SLF4J: See http://www.slf4j.org/codes.html#StaticLoggerBinder for further details.
Starting ChromeDriver 75.0.3770.8 (681f24ea911fe754973dda2fdc6d2a2e159dd300-refs/branch-heads/3770@{#40}) on port 38812
Only local connections are allowed.
Please protect ports used by ChromeDriver and related test frameworks to prevent access by malicious code.
[1568643493.130][WARNING]: This version of ChromeDriver has not been tested with Chrome version 76.
Sep 16, 2019 7:48:14 PM org.openqa.selenium.remote.ProtocolHandshake createSession
INFO: Detected dialect: W3C
]]></system-err>
  </testcase>
</testsuite>