<?xml version="1.0" encoding="UTF-8"?>
<testng-results skipped="0" failed="0" total="1" passed="1">
  <reporter-output>
  </reporter-output>
  <suite name="Default suite" duration-ms="715800" started-at="2019-10-04T12:21:29Z" finished-at="2019-10-04T12:33:24Z">
    <groups>
    </groups>
    <test name="Default test" duration-ms="715800" started-at="2019-10-04T12:21:29Z" finished-at="2019-10-04T12:33:24Z">
      <class name="star.admission.staradmission">
        <test-method status="PASS" signature="starNewAdmission()[pri:0, instance:star.admission.staradmission@6356695f]" name="starNewAdmission" duration-ms="715756" started-at="2019-10-04T17:51:29Z" finished-at="2019-10-04T18:03:24Z">
          <reporter-output>
          </reporter-output>
        </test-method> <!-- starNewAdmission -->
      </class> <!-- star.admission.staradmission -->
    </test> <!-- Default test -->
  </suite> <!-- Default suite -->
</testng-results>
