<?xml version="1.0" encoding="UTF-8"?>
<testng-results skipped="0" failed="0" total="1" passed="1">
  <reporter-output>
  </reporter-output>
  <suite name="Default suite" duration-ms="164967" started-at="2019-10-05T14:39:36Z" finished-at="2019-10-05T14:42:21Z">
    <groups>
    </groups>
    <test name="Default test" duration-ms="164967" started-at="2019-10-05T14:39:36Z" finished-at="2019-10-05T14:42:21Z">
      <class name="star.admission.staradmission">
        <test-method status="PASS" signature="starNewAdmission()[pri:0, instance:star.admission.staradmission@6356695f]" name="starNewAdmission" duration-ms="164930" started-at="2019-10-05T20:09:36Z" finished-at="2019-10-05T20:12:21Z">
          <reporter-output>
          </reporter-output>
        </test-method> <!-- starNewAdmission -->
      </class> <!-- star.admission.staradmission -->
    </test> <!-- Default test -->
  </suite> <!-- Default suite -->
</testng-results>
