<?xml version="1.0" encoding="UTF-8"?>
<!-- Generated by org.testng.reporters.JUnitXMLReporter -->
<testsuite hostname="LAPTOP-MI1R02SA" ignored="0" name="Test" tests="1" failures="1" timestamp="2019-09-14T00:04:25 IST" time="0.128" errors="0">
  <testcase name="starHealthStatusTrack" time="0.004" classname="Mickey.StatusTrack">
    <failure type="java.lang.NoClassDefFoundError" message="io/restassured/RestAssured">
      <![CDATA[java.lang.NoClassDefFoundError: io/restassured/RestAssured
at Mickey.StatusTrack.starHealthStatusTrack(StatusTrack.java:76)
at java.util.ArrayList.forEach(Unknown Source)
Caused by: java.lang.ClassNotFoundException: io.restassured.RestAssured
at java.net.URLClassLoader.findClass(Unknown Source)
at java.lang.ClassLoader.loadClass(Unknown Source)
at sun.misc.Launcher$AppClassLoader.loadClass(Unknown Source)
at java.lang.ClassLoader.loadClass(Unknown Source)
... 28 more
... Removed 26 stack frames]]>
    </failure>
  </testcase> <!-- starHealthStatusTrack -->
</testsuite> <!-- Test -->
